<?xml version="1.0" encoding="UTF-8"?>
<testng-results ignored="0" total="4" passed="4" failed="0" skipped="0">
  <reporter-output>
  </reporter-output>
  <suite started-at="2022-03-09T17:37:00 CST" name="Suite" finished-at="2022-03-09T17:37:53 CST" duration-ms="53096">
    <groups>
    </groups>
    <test started-at="2022-03-09T17:37:00 CST" name="BrowserStack Test - Chrome" finished-at="2022-03-09T17:37:39 CST" duration-ms="39615">
      <class name="stepdefinitions.SauceTest">
        <test-method is-config="true" signature="setUp(java.lang.String,java.lang.String,java.lang.String,java.lang.String,java.lang.reflect.Method)[pri:0, instance:stepdefinitions.SauceTest@710c2b53]" started-at="2022-03-09T17:37:00 CST" name="setUp" finished-at="2022-03-09T17:37:18 CST" duration-ms="18116" status="PASS">
          <params>
            <param index="0">
              <value>
                <![CDATA[Chrome]]>
              </value>
            </param>
            <param index="1">
              <value>
                <![CDATA[85.0]]>
              </value>
            </param>
            <param index="2">
              <value>
                <![CDATA[OS X]]>
              </value>
            </param>
            <param index="3">
              <value>
                <![CDATA[Catalina]]>
              </value>
            </param>
            <param index="4">
              <value>
                <![CDATA[public void stepdefinitions.SauceTest.checkInventoryItemTest()]]>
              </value>
            </param>
          </params>
          <reporter-output>
          </reporter-output>
        </test-method> <!-- setUp -->
        <test-method signature="checkInventoryItemTest()[pri:1, instance:stepdefinitions.SauceTest@710c2b53]" started-at="2022-03-09T17:37:18 CST" name="checkInventoryItemTest" finished-at="2022-03-09T17:37:21 CST" duration-ms="2114" status="PASS">
          <reporter-output>
          </reporter-output>
        </test-method> <!-- checkInventoryItemTest -->
        <test-method is-config="true" signature="tearDown()[pri:0, instance:stepdefinitions.SauceTest@710c2b53]" started-at="2022-03-09T17:37:21 CST" name="tearDown" finished-at="2022-03-09T17:37:21 CST" duration-ms="863" status="PASS">
          <reporter-output>
          </reporter-output>
        </test-method> <!-- tearDown -->
        <test-method is-config="true" signature="setUp(java.lang.String,java.lang.String,java.lang.String,java.lang.String,java.lang.reflect.Method)[pri:0, instance:stepdefinitions.SauceTest@710c2b53]" started-at="2022-03-09T17:37:21 CST" name="setUp" finished-at="2022-03-09T17:37:37 CST" duration-ms="15075" status="PASS">
          <params>
            <param index="0">
              <value>
                <![CDATA[Chrome]]>
              </value>
            </param>
            <param index="1">
              <value>
                <![CDATA[85.0]]>
              </value>
            </param>
            <param index="2">
              <value>
                <![CDATA[OS X]]>
              </value>
            </param>
            <param index="3">
              <value>
                <![CDATA[Catalina]]>
              </value>
            </param>
            <param index="4">
              <value>
                <![CDATA[public void stepdefinitions.SauceTest.checkAddToCartButtonTest()]]>
              </value>
            </param>
          </params>
          <reporter-output>
          </reporter-output>
        </test-method> <!-- setUp -->
        <test-method signature="checkAddToCartButtonTest()[pri:2, instance:stepdefinitions.SauceTest@710c2b53]" started-at="2022-03-09T17:37:37 CST" name="checkAddToCartButtonTest" finished-at="2022-03-09T17:37:39 CST" duration-ms="2059" status="PASS">
          <reporter-output>
          </reporter-output>
        </test-method> <!-- checkAddToCartButtonTest -->
        <test-method is-config="true" signature="tearDown()[pri:0, instance:stepdefinitions.SauceTest@710c2b53]" started-at="2022-03-09T17:37:39 CST" name="tearDown" finished-at="2022-03-09T17:37:39 CST" duration-ms="795" status="PASS">
          <reporter-output>
          </reporter-output>
        </test-method> <!-- tearDown -->
      </class> <!-- stepdefinitions.SauceTest -->
    </test> <!-- BrowserStack Test - Chrome -->
    <test started-at="2022-03-09T17:37:00 CST" name="BrowserStack Test - FF" finished-at="2022-03-09T17:37:53 CST" duration-ms="53096">
      <class name="stepdefinitions.SauceTest">
        <test-method is-config="true" signature="setUp(java.lang.String,java.lang.String,java.lang.String,java.lang.String,java.lang.reflect.Method)[pri:0, instance:stepdefinitions.SauceTest@3c77d488]" started-at="2022-03-09T17:37:00 CST" name="setUp" finished-at="2022-03-09T17:37:23 CST" duration-ms="23313" status="PASS">
          <params>
            <param index="0">
              <value>
                <![CDATA[Firefox]]>
              </value>
            </param>
            <param index="1">
              <value>
                <![CDATA[80.0]]>
              </value>
            </param>
            <param index="2">
              <value>
                <![CDATA[Windows]]>
              </value>
            </param>
            <param index="3">
              <value>
                <![CDATA[10]]>
              </value>
            </param>
            <param index="4">
              <value>
                <![CDATA[public void stepdefinitions.SauceTest.checkInventoryItemTest()]]>
              </value>
            </param>
          </params>
          <reporter-output>
          </reporter-output>
        </test-method> <!-- setUp -->
        <test-method signature="checkInventoryItemTest()[pri:1, instance:stepdefinitions.SauceTest@3c77d488]" started-at="2022-03-09T17:37:23 CST" name="checkInventoryItemTest" finished-at="2022-03-09T17:37:30 CST" duration-ms="6438" status="PASS">
          <reporter-output>
          </reporter-output>
        </test-method> <!-- checkInventoryItemTest -->
        <test-method is-config="true" signature="tearDown()[pri:0, instance:stepdefinitions.SauceTest@3c77d488]" started-at="2022-03-09T17:37:30 CST" name="tearDown" finished-at="2022-03-09T17:37:30 CST" duration-ms="666" status="PASS">
          <reporter-output>
          </reporter-output>
        </test-method> <!-- tearDown -->
        <test-method is-config="true" signature="setUp(java.lang.String,java.lang.String,java.lang.String,java.lang.String,java.lang.reflect.Method)[pri:0, instance:stepdefinitions.SauceTest@3c77d488]" started-at="2022-03-09T17:37:30 CST" name="setUp" finished-at="2022-03-09T17:37:46 CST" duration-ms="16097" status="PASS">
          <params>
            <param index="0">
              <value>
                <![CDATA[Firefox]]>
              </value>
            </param>
            <param index="1">
              <value>
                <![CDATA[80.0]]>
              </value>
            </param>
            <param index="2">
              <value>
                <![CDATA[Windows]]>
              </value>
            </param>
            <param index="3">
              <value>
                <![CDATA[10]]>
              </value>
            </param>
            <param index="4">
              <value>
                <![CDATA[public void stepdefinitions.SauceTest.checkAddToCartButtonTest()]]>
              </value>
            </param>
          </params>
          <reporter-output>
          </reporter-output>
        </test-method> <!-- setUp -->
        <test-method signature="checkAddToCartButtonTest()[pri:2, instance:stepdefinitions.SauceTest@3c77d488]" started-at="2022-03-09T17:37:46 CST" name="checkAddToCartButtonTest" finished-at="2022-03-09T17:37:52 CST" duration-ms="5637" status="PASS">
          <reporter-output>
          </reporter-output>
        </test-method> <!-- checkAddToCartButtonTest -->
        <test-method is-config="true" signature="tearDown()[pri:0, instance:stepdefinitions.SauceTest@3c77d488]" started-at="2022-03-09T17:37:52 CST" name="tearDown" finished-at="2022-03-09T17:37:53 CST" duration-ms="753" status="PASS">
          <reporter-output>
          </reporter-output>
        </test-method> <!-- tearDown -->
      </class> <!-- stepdefinitions.SauceTest -->
    </test> <!-- BrowserStack Test - FF -->
  </suite> <!-- Suite -->
</testng-results>
