<?xml version="1.0" encoding="UTF-8"?>
<!-- Generated by org.testng.reporters.JUnitXMLReporter -->
<testsuite ignored="0" hostname="DESKTOP-8O20TP2" failures="0" tests="2" name="BrowserStack Test - FF" time="53.096" errors="0" timestamp="2022-03-09T17:37:53 CST">
  <testcase classname="stepdefinitions.SauceTest" name="checkInventoryItemTest" time="6.438"/>
  <testcase classname="stepdefinitions.SauceTest" name="checkAddToCartButtonTest" time="5.637"/>
</testsuite> <!-- BrowserStack Test - FF -->
