<?xml version="1.0" encoding="UTF-8"?>
<!-- Generated by org.testng.reporters.JUnitXMLReporter -->
<testsuite ignored="0" hostname="DESKTOP-8O20TP2" failures="0" tests="2" name="BrowserStack Test - Chrome" time="39.615" errors="0" timestamp="2022-03-09T17:37:39 CST">
  <testcase classname="stepdefinitions.SauceTest" name="checkInventoryItemTest" time="2.114"/>
  <testcase classname="stepdefinitions.SauceTest" name="checkAddToCartButtonTest" time="2.059"/>
</testsuite> <!-- BrowserStack Test - Chrome -->
